[INFO] 27-09-2024 00:02:30 [main] [Tests.TC03_CartTest.setup(TC03_CartTest.java:33)] - EdgeDriver is opened
[INFO] 27-09-2024 00:02:31 [main] [Tests.TC03_CartTest.setup(TC03_CartTest.java:35)] - Page is redirect to the Home Page 
[INFO] 27-09-2024 00:02:32 [main] [Listeners.ITestResultListenerClass.onTestStart(ITestResultListenerClass.java:11)] - TestCasecomparingPriceTCstarted
[ERROR] 27-09-2024 00:02:53 [main] [Pages.P02_LandingPage.getTotalPriceOfSelectedProducts(P02_LandingPage.java:105)] - Expected condition failed: waiting for visibility of element located by By.xpath: (//button[.='Remove']//preceding-sibling::div[@class='inventory_item_price'])[0] (tried for 5 second(s) with 500 milliseconds interval)
Build info: version: '4.23.0', revision: '4df0a231af'
System info: os.name: 'Windows 11', os.arch: 'amd64', os.version: '10.0', java.version: '21.0.4'
Driver info: org.openqa.selenium.edge.EdgeDriver
Capabilities {acceptInsecureCerts: false, browserName: MicrosoftEdge, browserVersion: 129.0.2792.52, fedcm:accounts: true, ms:edgeOptions: {debuggerAddress: localhost:61284}, msedge: {msedgedriverVersion: 129.0.2792.52 (6462e8fc16ec..., userDataDir: C:\Users\ahmed\AppData\Loca...}, networkConnectionEnabled: false, pageLoadStrategy: normal, platformName: windows, proxy: Proxy(), se:cdp: ws://localhost:61284/devtoo..., se:cdpVersion: 129.0.2792.52, setWindowRect: true, strictFileInteractability: false, timeouts: {implicit: 0, pageLoad: 300000, script: 30000}, unhandledPromptBehavior: dismiss and notify, webauthn:extension:credBlob: true, webauthn:extension:largeBlob: true, webauthn:extension:minPinLength: true, webauthn:extension:prf: true, webauthn:virtualAuthenticators: true}
Session ID: 8dce51662696593c202b77776d4dc923
[ERROR] 27-09-2024 00:03:14 [main] [Pages.P03_CartPage.getTotalPrice(P03_CartPage.java:32)] - Expected condition failed: waiting for visibility of element located by By.xpath: (//button[.='Remove']//preceding-sibling::div[@class='inventory_item_price'])[0] (tried for 5 second(s) with 500 milliseconds interval)
Build info: version: '4.23.0', revision: '4df0a231af'
System info: os.name: 'Windows 11', os.arch: 'amd64', os.version: '10.0', java.version: '21.0.4'
Driver info: org.openqa.selenium.edge.EdgeDriver
Capabilities {acceptInsecureCerts: false, browserName: MicrosoftEdge, browserVersion: 129.0.2792.52, fedcm:accounts: true, ms:edgeOptions: {debuggerAddress: localhost:61284}, msedge: {msedgedriverVersion: 129.0.2792.52 (6462e8fc16ec..., userDataDir: C:\Users\ahmed\AppData\Loca...}, networkConnectionEnabled: false, pageLoadStrategy: normal, platformName: windows, proxy: Proxy(), se:cdp: ws://localhost:61284/devtoo..., se:cdpVersion: 129.0.2792.52, setWindowRect: true, strictFileInteractability: false, timeouts: {implicit: 0, pageLoad: 300000, script: 30000}, unhandledPromptBehavior: dismiss and notify, webauthn:extension:credBlob: true, webauthn:extension:largeBlob: true, webauthn:extension:minPinLength: true, webauthn:extension:prf: true, webauthn:virtualAuthenticators: true}
Session ID: 8dce51662696593c202b77776d4dc923
[INFO] 27-09-2024 00:03:14 [main] [Listeners.ITestResultListenerClass.onTestSuccess(ITestResultListenerClass.java:15)] - TestCasecomparingPriceTCpassed
